+--------+--------+--------+--------+--------+--------+--------+--------+--------+--------+--------+--------+--------+--------+--------+--------+--------+--------+--------+--------+--------+--------+
| CYCLE  | FETCH  | DECODE | EXECUT | MEMORY | WRITE  |   r0   |   r1   |   r2   |   r3   |   r4   |   r5   |   r6   |   r7   |   r8   |   r9   |  r10   |  r11   |  r12   |  r13   |   sp   |   ra   |
+--------+--------+--------+--------+--------+--------+--------+--------+--------+--------+--------+--------+--------+--------+--------+--------+--------+--------+--------+--------+--------+--------+
|      1 | I1     |  ....  |  ....  |  ....  |  ....  |  ....  |  ....  |  ....  |  ....  |  ....  |  ....  |  ....  |  ....  |  ....  |  ....  |  ....  |  ....  |  ....  |  ....  |  ....  |  ....  |
|      1 | I2     |  ....  |  ....  |  ....  |  ....  |       0|       0|       0|       0|       0|       0|       0|       0|       0|       0|       0|       0|       0|       0|   186a0|       0|
|      2 | I3     | I1     |  ....  |  ....  |  ....  |  ....  |  ....  |  ....  |  ....  |  ....  |  ....  |  ....  |  ....  |  ....  |  ....  |  ....  |  ....  |  ....  |  ....  |  ....  |  ....  |
|      2 | I4     | I2     |  ....  |  ....  |  ....  |       0|       0|       0|       0|       0|       0|       0|       0|       0|       0|       0|       0|       0|       0|   186a0|       0|
|      3 | I5     | I3     | I1     |  ....  |  ....  |  ....  |  ....  |  ....  |  ....  |  ....  |  ....  |  ....  |  ....  |  ....  |  ....  |  ....  |  ....  |  ....  |  ....  |  ....  |  ....  |
|      3 | I6     | I4     | I2     |  ....  |  ....  |       0|       0|       0|       0|       0|       0|       0|       0|       0|       0|       0|       0|       0|       0|   186a0|       0|
|      4 | I7     | I5     | I3     | I1     |  ....  |  ....  |  ....  |  ....  |  ....  |  ....  |  ....  |  ....  |  ....  |  ....  |  ....  |  ....  |  ....  |  ....  |  ....  |  ....  |  ....  |
|      4 | I8     | I6     | I4     | I2     |  ....  |       0|       0|       0|       0|       0|       0|       0|       0|       0|       0|       0|       0|       0|       0|   186a0|       0|
|      5 | I7     | I5     |  ....  | I3     | I1     |  ....  |  ....  |  ....  |  ....  |  ....  |  ....  |  ....  |  ....  |  ....  |  ....  |  ....  |  ....  |  ....  |  ....  |  ....  |  ....  |
|      5 | I8     | I6     |  ....  | I4     | I2     |       0|       0|       0|       0|       0|       0|       0|       0|       0|       0|       0|       0|       0|       0|   186a0|       0|
|      6 | I7     | I5     |  ....  |  ....  | I3     |  ....  |  ....  |  ....  |  ....  |  ....  |  ....  |  ....  |  ....  |  ....  |  ....  |  ....  |  ....  |  ....  |  ....  |  ....  |  ....  |
|      6 | I8     | I6     |  ....  |  ....  | I4     |       0|       0|       0|       0|       4|       3|       0|       0|       0|       0|       0|       0|       0|       0|   186a0|       0|
|      7 | I7     | I5     |  ....  |  ....  |  ....  |  ....  |  ....  |  ....  |  ....  |  ....  |  ....  |  ....  |  ....  |  ....  |  ....  |  ....  |  ....  |  ....  |  ....  |  ....  |  ....  |
|      7 | I8     | I6     |  ....  |  ....  |  ....  |       0|       1|       2|       0|       4|       3|       0|       0|       0|       0|       0|       0|       0|       0|   186a0|       0|
|      8 |  ....  | I7     | I5     |  ....  |  ....  |  ....  |  ....  |  ....  |  ....  |  ....  |  ....  |  ....  |  ....  |  ....  |  ....  |  ....  |  ....  |  ....  |  ....  |  ....  |  ....  |
|      8 |  ....  | I8     | I6     |  ....  |  ....  |       0|       1|       2|       0|       4|       3|       0|       0|       0|       0|       0|       0|       0|       0|   186a0|       0|
|      9 |  ....  |  ....  | I7     | I5     |  ....  |  ....  |  ....  |  ....  |  ....  |  ....  |  ....  |  ....  |  ....  |  ....  |  ....  |  ....  |  ....  |  ....  |  ....  |  ....  |  ....  |
|      9 |  ....  | I8     | I8     | I6     |  ....  |       0|       1|       2|       0|       4|       3|       0|       0|       0|       0|       0|       0|       0|       0|   186a0|       0|
|     10 |  ....  |  ....  |  ....  | I7     | I5     |  ....  |  ....  |  ....  |  ....  |  ....  |  ....  |  ....  |  ....  |  ....  |  ....  |  ....  |  ....  |  ....  |  ....  |  ....  |  ....  |
|     10 |  ....  | I8     | I8     | I8     | I6     |       0|       1|       2|       0|       4|       3|       0|       0|       0|       0|       0|       0|       0|       0|   186a0|       0|
|     11 |  ....  |  ....  |  ....  |  ....  | I7     |  ....  |  ....  |  ....  |  ....  |  ....  |  ....  |  ....  |  ....  |  ....  |  ....  |  ....  |  ....  |  ....  |  ....  |  ....  |  ....  |
|     11 |  ....  | I8     | I8     | I8     | I8     |       0|       1|       2|       0|       6|       3|       0|       0|       0|       0|       0|       0|       0|       0|   186a0|       0|
+--------+--------+--------+--------+--------+--------+--------+--------+--------+--------+--------+--------+--------+--------+--------+--------+--------+--------+--------+--------+--------+--------+
|           Register Values at Termination            |       0|       1|       1|       1|       6|       3|       0|       0|       0|       0|       0|       0|       0|       0|   186a0|       0|
+--------+--------+--------+--------+--------+--------+--------+--------+--------+--------+--------+--------+--------+--------+--------+--------+--------+--------+--------+--------+--------+--------+
